
=== Mon Mar  2 19:51:10 2020

Packages were changed.
Update Mode: updateDependencies

The following packages were added:
  com.unity.2d.tilemap@1.0.0
  com.unity.collab-proxy@1.2.16
  com.unity.test-framework@1.1.3
  com.unity.timeline@1.2.6
  com.unity.2d.sprite@1.0.0
  com.unity.ide.vscode@1.1.3
  com.unity.ide.rider@1.1.4
  com.unity.ugui@1.0.0
  com.unity.xr.legacyinputhelpers@1.3.8
  com.unity.modules.androidjni@1.0.0
  com.unity.multiplayer-hlapi@1.0.4
The following packages were updated:
  com.unity.analytics from version 2.0.16 to 3.3.2
  com.unity.purchasing from version 2.0.3 to 2.0.6
  com.unity.textmeshpro from version 1.2.4 to 2.0.1
The following packages were removed:
  com.unity.package-manager-ui@1.9.11

=== Sun Mar 27 00:01:07 2022

Packages were changed.
Update Mode: updateDependencies

The following packages were added:
  com.unity.ide.visualstudio@2.0.14
The following packages were updated:
  com.unity.ads from version 2.0.8 to 4.0.0
  com.unity.analytics from version 3.3.2 to 3.7.1
  com.unity.collab-proxy from version 1.2.16 to 1.15.12
  com.unity.ide.rider from version 1.1.4 to 3.0.12
  com.unity.ide.vscode from version 1.1.3 to 1.2.4
  com.unity.purchasing from version 2.0.6 to 4.1.2
  com.unity.test-framework from version 1.1.3 to 1.1.30
  com.unity.textmeshpro from version 2.0.1 to 3.0.6
  com.unity.timeline from version 1.2.6 to 1.7.0-pre.2
  com.unity.xr.legacyinputhelpers from version 1.3.8 to 2.1.8
The following packages were removed:
  com.unity.multiplayer-hlapi@1.0.4

=== Tue Sep  6 11:46:22 2022

Packages were changed.
Update Mode: updateDependencies

The following packages were updated:
  com.unity.ads from version 4.0.0 to 4.1.0
  com.unity.collab-proxy from version 1.15.12 to 1.17.2
  com.unity.ide.rider from version 3.0.12 to 3.0.15
  com.unity.ide.visualstudio from version 2.0.14 to 2.0.16
  com.unity.ide.vscode from version 1.2.4 to 1.2.5
  com.unity.purchasing from version 4.1.2 to 4.4.0
  com.unity.test-framework from version 1.1.30 to 1.1.33
  com.unity.timeline from version 1.7.0-pre.2 to 1.7.1
  com.unity.xr.legacyinputhelpers from version 2.1.8 to 2.1.9
